#
# A fatal error has been detected by the Java Runtime Environment:
#
#  EXCEPTION_ACCESS_VIOLATION (0xc0000005) at pc=0x0000000076b83f16, pid=7496, tid=11056
#
# JRE version: Java(TM) SE Runtime Environment (8.0_65-b17) (build 1.8.0_65-b17)
# Java VM: Java HotSpot(TM) 64-Bit Server VM (25.65-b01 mixed mode windows-amd64 compressed oops)
# Problematic frame:
# V  [jvm.dll+0x233f16]
#
# Failed to write core dump. Minidumps are not enabled by default on client versions of Windows
#
# If you would like to submit a bug report, please visit:
#   http://bugreport.java.com/bugreport/crash.jsp
#

---------------  T H R E A D  ---------------

Current thread (0x0000000017717800):  VMThread [stack: 0x00000000187c0000,0x00000000188c0000] [id=11056]

siginfo: ExceptionCode=0xc0000005, reading address 0x0000000000000008

Registers:
RAX=0x0000000000000000, RBX=0x00000000188bebd0, RCX=0x00000000188bebd0, RDX=0x0000000000000028
RSP=0x00000000188be900, RBP=0x00000000188bf110, RSI=0x0000000000000000, RDI=0x00000000188bf2a0
R8 =0x0000000000000000, R9 =0x000000000103db98, R10=0x0000000000000007, R11=0x0000000076f49f58
R12=0x0000000019794f58, R13=0x00000000188bf0d0, R14=0x00000000000003d8, R15=0x00000000188bf0c0
RIP=0x0000000076b83f16, EFLAGS=0x0000000000010202

Top of Stack: (sp=0x00000000188be900)
0x00000000188be900:   0000000019794ad0 00000000188befd0
0x00000000188be910:   00000000188befd0 0000000076b93dcb
0x00000000188be920:   00000000197962d0 0000000000000000
0x00000000188be930:   000000001a92f590 0000000019795cd0
0x00000000188be940:   0000000002c0f2c0 0000000002d108da
0x00000000188be950:   0000000002d10790 0000000000000000
0x00000000188be960:   0000000002c0f3b0 0000000002c0f2d0
0x00000000188be970:   00000000d8cbfcf8 00000000d8cbfd60
0x00000000188be980:   00000000d8cbfdc8 00000000d8cbfe30
0x00000000188be990:   00000000d8cbfe98 00000000d8cbff00
0x00000000188be9a0:   00000000d8cbff68 00000000d8cd0000
0x00000000188be9b0:   00000000d8cd0068 00000000d8cd00d0
0x00000000188be9c0:   0000000002c0f1f0 0000000002c0f1f0
0x00000000188be9d0:   00000000d8cd0210 00000000d8cd0278
0x00000000188be9e0:   00000000d8cd02e0 00000000d8cd0348
0x00000000188be9f0:   00000000d8cd03b8 00000000d8cd0420 

Instructions: (pc=0x0000000076b83f16)
0x0000000076b83ef6:   01 00 00 48 8b 05 e0 c1 5a 00 48 33 c4 48 89 84
0x0000000076b83f06:   24 30 01 00 00 4c 63 41 10 48 8b 41 08 48 8b d9
0x0000000076b83f16:   42 38 54 00 08 74 33 44 0f be c2 48 8d 4c 24 20
0x0000000076b83f26:   48 8d 15 9b 2d 3e 00 e8 de 14 df ff 48 8d 0d 27 


Register to memory mapping:

RAX=0x0000000000000000 is an unknown value
RBX=0x00000000188bebd0 is an unknown value
RCX=0x00000000188bebd0 is an unknown value
RDX=0x0000000000000028 is an unknown value
RSP=0x00000000188be900 is an unknown value
RBP=0x00000000188bf110 is an unknown value
RSI=0x0000000000000000 is an unknown value
RDI=0x00000000188bf2a0 is an unknown value
R8 =0x0000000000000000 is an unknown value
R9 =0x000000000103db98 is pointing into metadata
R10=0x0000000000000007 is an unknown value
R11=0x0000000076f49f58 is an unknown value
R12=0x0000000019794f58 is an unknown value
R13=0x00000000188bf0d0 is an unknown value
R14=0x00000000000003d8 is an unknown value
R15=0x00000000188bf0c0 is an unknown value


Stack: [0x00000000187c0000,0x00000000188c0000],  sp=0x00000000188be900,  free space=1018k
Native frames: (J=compiled Java code, j=interpreted, Vv=VM code, C=native code)
V  [jvm.dll+0x233f16]
V  [jvm.dll+0x23458c]
V  [jvm.dll+0xfcbe3]
V  [jvm.dll+0xffcb3]
V  [jvm.dll+0x10077f]
V  [jvm.dll+0x100fc5]
V  [jvm.dll+0x101212]
V  [jvm.dll+0xc30de]
V  [jvm.dll+0xc3768]
V  [jvm.dll+0xc3d49]
V  [jvm.dll+0x10c22a]
V  [jvm.dll+0x12ac4f]
V  [jvm.dll+0x1bc6df]
V  [jvm.dll+0x249757]
V  [jvm.dll+0x2489f6]
V  [jvm.dll+0x248e91]
V  [jvm.dll+0x2490ae]
V  [jvm.dll+0x299f7a]
C  [msvcr100.dll+0x21d9f]
C  [msvcr100.dll+0x21e3b]
C  [KERNEL32.DLL+0x8364]
C  [ntdll.dll+0x670d1]

VM_Operation (0x00000000191ef1e0): GetOrSetLocal, mode: safepoint, requested by thread 0x000000001775b800


---------------  P R O C E S S  ---------------

Java Threads: ( => current thread )
  0x0000000019f15800 JavaThread "java-sdk-http-connection-reaper" daemon [_thread_blocked, id=10864, stack(0x000000001bbc0000,0x000000001bcc0000)]
  0x0000000019e77000 JavaThread "ReaderThread" [_thread_in_native, id=12052, stack(0x000000001a4f0000,0x000000001a5f0000)]
  0x00000000177ae800 JavaThread "Service Thread" daemon [_thread_blocked, id=5072, stack(0x0000000019af0000,0x0000000019bf0000)]
  0x0000000017781000 JavaThread "C1 CompilerThread2" daemon [_thread_blocked, id=1928, stack(0x00000000195f0000,0x00000000196f0000)]
  0x000000001777f800 JavaThread "C2 CompilerThread1" daemon [_thread_blocked, id=8644, stack(0x00000000194f0000,0x00000000195f0000)]
  0x000000001777a800 JavaThread "C2 CompilerThread0" daemon [_thread_blocked, id=10116, stack(0x00000000193f0000,0x00000000194f0000)]
  0x000000001776f800 JavaThread "JDWP Command Reader" daemon [_thread_in_native, id=7952, stack(0x00000000192f0000,0x00000000193f0000)]
  0x000000001776a000 JavaThread "JDWP Event Helper Thread" daemon [_thread_blocked, id=1036, stack(0x00000000191f0000,0x00000000192f0000)]
  0x000000001775b800 JavaThread "JDWP Transport Listener: dt_socket" daemon [_thread_blocked, id=3676, stack(0x00000000190f0000,0x00000000191f0000)]
  0x0000000017752000 JavaThread "Attach Listener" daemon [_thread_blocked, id=496, stack(0x0000000018cb0000,0x0000000018db0000)]
  0x0000000017751000 JavaThread "Signal Dispatcher" daemon [_thread_blocked, id=8176, stack(0x0000000018bb0000,0x0000000018cb0000)]
  0x0000000002d0b800 JavaThread "Finalizer" daemon [_thread_blocked, id=9168, stack(0x00000000189c0000,0x0000000018ac0000)]
  0x0000000017719000 JavaThread "Reference Handler" daemon [_thread_blocked, id=11592, stack(0x00000000188c0000,0x00000000189c0000)]
  0x0000000002c16000 JavaThread "main" [_thread_blocked, id=11960, stack(0x0000000002b10000,0x0000000002c10000)]

Other Threads:
=>0x0000000017717800 VMThread [stack: 0x00000000187c0000,0x00000000188c0000] [id=11056]
  0x00000000197b8000 WatcherThread [stack: 0x0000000019bf0000,0x0000000019cf0000] [id=6924]

VM state:at safepoint (normal execution)

VM Mutex/Monitor currently owned by a thread:  ([mutex/lock_event])
[0x0000000002c13a50] Threads_lock - owner thread: 0x0000000017717800

Heap:
 PSYoungGen      total 37888K, used 9373K [0x00000000d6700000, 0x00000000d9100000, 0x0000000100000000)
  eden space 32768K, 12% used [0x00000000d6700000,0x00000000d6b288c8,0x00000000d8700000)
  from space 5120K, 99% used [0x00000000d8c00000,0x00000000d90fecc8,0x00000000d9100000)
  to   space 5120K, 0% used [0x00000000d8700000,0x00000000d8700000,0x00000000d8c00000)
 ParOldGen       total 86016K, used 4734K [0x0000000083400000, 0x0000000088800000, 0x00000000d6700000)
  object space 86016K, 5% used [0x0000000083400000,0x000000008389fa88,0x0000000088800000)
 Metaspace       used 17684K, capacity 17862K, committed 18176K, reserved 1064960K
  class space    used 2175K, capacity 2253K, committed 2304K, reserved 1048576K

Card table byte_map: [0x00000000120d0000,0x00000000124c0000] byte_map_base: 0x0000000011cb6000

Marking Bits: (ParMarkBitMap*) 0x000000007715a5b0
 Begin Bits: [0x0000000012b60000, 0x0000000014a90000)
 End Bits:   [0x0000000014a90000, 0x00000000169c0000)

Polling page: 0x00000000009c0000

CodeCache: size=245760Kb used=2099Kb max_used=2099Kb free=243660Kb
 bounds [0x0000000002d10000, 0x0000000002f80000, 0x0000000011d10000]
 total_blobs=802 nmethods=378 adapters=345
 compilation: enabled

Compilation events (10 events):
Event: 93.052 Thread 0x0000000017781000  374       3       java.util.Arrays$ArrayList::get (7 bytes)
Event: 93.052 Thread 0x0000000017781000 nmethod 374 0x0000000002f1c290 code [0x0000000002f1c3e0, 0x0000000002f1c550]
Event: 94.634 Thread 0x0000000017781000  375       3       java.util.Arrays$ArrayList::size (6 bytes)
Event: 94.635 Thread 0x0000000017781000 nmethod 375 0x0000000002f1c650 code [0x0000000002f1c7a0, 0x0000000002f1c8f0]
Event: 196.973 Thread 0x0000000017781000  376       1       java.util.concurrent.locks.AbstractQueuedSynchronizer::getState (5 bytes)
Event: 196.974 Thread 0x0000000017781000 nmethod 376 0x0000000002f1c990 code [0x0000000002f1cae0, 0x0000000002f1cbf0]
Event: 377.010 Thread 0x0000000017781000  377       1       java.util.logging.Level::intValue (5 bytes)
Event: 377.010 Thread 0x0000000017781000 nmethod 377 0x0000000002f1cc50 code [0x0000000002f1cda0, 0x0000000002f1ceb0]
Event: 377.010 Thread 0x0000000017781000  378       3       java.util.HashMap$HashIterator::<init> (79 bytes)
Event: 377.010 Thread 0x0000000017781000 nmethod 378 0x0000000002f1cf10 code [0x0000000002f1d080, 0x0000000002f1d410]

GC Heap History (4 events):
Event: 15.503 GC heap before
{Heap before GC invocations=1 (full 0):
 PSYoungGen      total 37888K, used 32768K [0x00000000d6700000, 0x00000000d9100000, 0x0000000100000000)
  eden space 32768K, 100% used [0x00000000d6700000,0x00000000d8700000,0x00000000d8700000)
  from space 5120K, 0% used [0x00000000d8c00000,0x00000000d8c00000,0x00000000d9100000)
  to   space 5120K, 0% used [0x00000000d8700000,0x00000000d8700000,0x00000000d8c00000)
 ParOldGen       total 86016K, used 0K [0x0000000083400000, 0x0000000088800000, 0x00000000d6700000)
  object space 86016K, 0% used [0x0000000083400000,0x0000000083400000,0x0000000088800000)
 Metaspace       used 10513K, capacity 10582K, committed 10752K, reserved 1058816K
  class space    used 1228K, capacity 1267K, committed 1280K, reserved 1048576K
Event: 15.509 GC heap after
Heap after GC invocations=1 (full 0):
 PSYoungGen      total 37888K, used 5094K [0x00000000d6700000, 0x00000000d9100000, 0x0000000100000000)
  eden space 32768K, 0% used [0x00000000d6700000,0x00000000d6700000,0x00000000d8700000)
  from space 5120K, 99% used [0x00000000d8700000,0x00000000d8bf9b30,0x00000000d8c00000)
  to   space 5120K, 0% used [0x00000000d8c00000,0x00000000d8c00000,0x00000000d9100000)
 ParOldGen       total 86016K, used 1053K [0x0000000083400000, 0x0000000088800000, 0x00000000d6700000)
  object space 86016K, 1% used [0x0000000083400000,0x0000000083507568,0x0000000088800000)
 Metaspace       used 10513K, capacity 10582K, committed 10752K, reserved 1058816K
  class space    used 1228K, capacity 1267K, committed 1280K, reserved 1048576K
}
Event: 87.109 GC heap before
{Heap before GC invocations=2 (full 0):
 PSYoungGen      total 37888K, used 37862K [0x00000000d6700000, 0x00000000d9100000, 0x0000000100000000)
  eden space 32768K, 100% used [0x00000000d6700000,0x00000000d8700000,0x00000000d8700000)
  from space 5120K, 99% used [0x00000000d8700000,0x00000000d8bf9b30,0x00000000d8c00000)
  to   space 5120K, 0% used [0x00000000d8c00000,0x00000000d8c00000,0x00000000d9100000)
 ParOldGen       total 86016K, used 1053K [0x0000000083400000, 0x0000000088800000, 0x00000000d6700000)
  object space 86016K, 1% used [0x0000000083400000,0x0000000083507568,0x0000000088800000)
 Metaspace       used 16577K, capacity 16858K, committed 17024K, reserved 1064960K
  class space    used 2056K, capacity 2155K, committed 2176K, reserved 1048576K
Event: 87.118 GC heap after
Heap after GC invocations=2 (full 0):
 PSYoungGen      total 37888K, used 5115K [0x00000000d6700000, 0x00000000d9100000, 0x0000000100000000)
  eden space 32768K, 0% used [0x00000000d6700000,0x00000000d6700000,0x00000000d8700000)
  from space 5120K, 99% used [0x00000000d8c00000,0x00000000d90fecc8,0x00000000d9100000)
  to   space 5120K, 0% used [0x00000000d8700000,0x00000000d8700000,0x00000000d8c00000)
 ParOldGen       total 86016K, used 4734K [0x0000000083400000, 0x0000000088800000, 0x00000000d6700000)
  object space 86016K, 5% used [0x0000000083400000,0x000000008389fa88,0x0000000088800000)
 Metaspace       used 16577K, capacity 16858K, committed 17024K, reserved 1064960K
  class space    used 2056K, capacity 2155K, committed 2176K, reserved 1048576K
}

Deoptimization events (4 events):
Event: 0.407 Thread 0x0000000002c16000 Uncommon trap: reason=unstable_if action=reinterpret pc=0x0000000002e117dc method=java.lang.String.hashCode()I @ 14
Event: 0.690 Thread 0x0000000002c16000 Uncommon trap: reason=unstable_if action=reinterpret pc=0x0000000002e8402c method=sun.misc.URLClassPath.getLoader(I)Lsun/misc/URLClassPath$Loader; @ 36
Event: 0.690 Thread 0x0000000002c16000 Uncommon trap: reason=unstable_if action=reinterpret pc=0x0000000002e97588 method=sun.misc.MetaIndex.mayContain(Ljava/lang/String;)Z @ 13
Event: 0.737 Thread 0x0000000002c16000 Uncommon trap: reason=unstable_if action=reinterpret pc=0x0000000002e81c70 method=java.lang.String.indexOf([CII[CIII)I @ 3

Internal exceptions (10 events):
Event: 15.363 Thread 0x0000000002c16000 Exception <a 'java/lang/ArrayIndexOutOfBoundsException': 153> (0x00000000d8506a68) thrown at [C:\workspace\8-2-build-windows-amd64-cygwin\jdk8u65\4987\hotspot\src\share\vm\interpreter\interpreterRuntime.cpp, line 366]
Event: 15.382 Thread 0x0000000002c16000 Exception <a 'java/lang/ArrayIndexOutOfBoundsException': 24> (0x00000000d855d7f8) thrown at [C:\workspace\8-2-build-windows-amd64-cygwin\jdk8u65\4987\hotspot\src\share\vm\interpreter\interpreterRuntime.cpp, line 366]
Event: 15.386 Thread 0x0000000002c16000 Exception <a 'java/lang/ArrayIndexOutOfBoundsException': 6> (0x00000000d856a400) thrown at [C:\workspace\8-2-build-windows-amd64-cygwin\jdk8u65\4987\hotspot\src\share\vm\interpreter\interpreterRuntime.cpp, line 366]
Event: 15.387 Thread 0x0000000002c16000 Exception <a 'java/lang/ArrayIndexOutOfBoundsException': 40> (0x00000000d856b458) thrown at [C:\workspace\8-2-build-windows-amd64-cygwin\jdk8u65\4987\hotspot\src\share\vm\interpreter\interpreterRuntime.cpp, line 366]
Event: 15.395 Thread 0x0000000002c16000 Exception <a 'java/lang/ArrayIndexOutOfBoundsException': 24> (0x00000000d857e338) thrown at [C:\workspace\8-2-build-windows-amd64-cygwin\jdk8u65\4987\hotspot\src\share\vm\interpreter\interpreterRuntime.cpp, line 366]
Event: 15.396 Thread 0x0000000002c16000 Exception <a 'java/lang/ArrayIndexOutOfBoundsException': 6> (0x00000000d8580378) thrown at [C:\workspace\8-2-build-windows-amd64-cygwin\jdk8u65\4987\hotspot\src\share\vm\interpreter\interpreterRuntime.cpp, line 366]
Event: 16.050 Thread 0x0000000002c16000 Exception <a 'java/lang/NoSuchFieldError': method resolution failed> (0x00000000d6a9c2c0) thrown at [C:\workspace\8-2-build-windows-amd64-cygwin\jdk8u65\4987\hotspot\src\share\vm\prims\methodHandles.cpp, line 1146]
Event: 16.062 Thread 0x0000000002c16000 Exception <a 'java/lang/NoSuchFieldError': method resolution failed> (0x00000000d6aa9d50) thrown at [C:\workspace\8-2-build-windows-amd64-cygwin\jdk8u65\4987\hotspot\src\share\vm\prims\methodHandles.cpp, line 1146]
Event: 86.692 Thread 0x0000000002c16000 Exception <a 'java/net/SocketTimeoutException': connect timed out> (0x00000000d864ddc0) thrown at [C:\workspace\8-2-build-windows-amd64-cygwin\jdk8u65\4987\hotspot\src\share\vm\prims\jni.cpp, line 735]
Event: 86.695 Thread 0x0000000002c16000 Exception <a 'java/lang/reflect/InvocationTargetException'> (0x00000000d864f4f8) thrown at [C:\workspace\8-2-build-windows-amd64-cygwin\jdk8u65\4987\hotspot\src\share\vm\runtime\reflection.cpp, line 1092]

Events (10 events):
Event: 836.016 Executing VM operation: ChangeBreakpoints done
Event: 836.021 Executing VM operation: EnterInterpOnlyMode
Event: 836.021 Executing VM operation: EnterInterpOnlyMode done
Event: 836.021 Executing VM operation: GetCurrentLocation
Event: 836.021 Executing VM operation: GetCurrentLocation done
Event: 836.021 Executing VM operation: ChangeSingleStep
Event: 836.021 Executing VM operation: ChangeSingleStep done
Event: 836.021 Executing VM operation: ChangeSingleStep
Event: 836.021 Executing VM operation: ChangeSingleStep done
Event: 836.070 Executing VM operation: GetOrSetLocal


Dynamic libraries:
0x00007ff738770000 - 0x00007ff7387a7000 	C:\Program Files\Java\jdk1.8.0_65\bin\javaw.exe
0x00007ff88eba0000 - 0x00007ff88ed71000 	C:\WINDOWS\SYSTEM32\ntdll.dll
0x00007ff88cb20000 - 0x00007ff88cbcc000 	C:\WINDOWS\System32\KERNEL32.DLL
0x00007ff88b150000 - 0x00007ff88b36d000 	C:\WINDOWS\System32\KERNELBASE.dll
0x00007ff88c370000 - 0x00007ff88c412000 	C:\WINDOWS\System32\ADVAPI32.dll
0x00007ff88e9e0000 - 0x00007ff88ea7e000 	C:\WINDOWS\System32\msvcrt.dll
0x00007ff88e200000 - 0x00007ff88e259000 	C:\WINDOWS\System32\sechost.dll
0x00007ff88c420000 - 0x00007ff88c541000 	C:\WINDOWS\System32\RPCRT4.dll
0x00007ff88c200000 - 0x00007ff88c365000 	C:\WINDOWS\System32\USER32.dll
0x00007ff88c110000 - 0x00007ff88c12e000 	C:\WINDOWS\System32\win32u.dll
0x00007ff88e8e0000 - 0x00007ff88e914000 	C:\WINDOWS\System32\GDI32.dll
0x00007ff88b800000 - 0x00007ff88b982000 	C:\WINDOWS\System32\gdi32full.dll
0x00007ff880820000 - 0x00007ff880a9a000 	C:\WINDOWS\WinSxS\amd64_microsoft.windows.common-controls_6595b64144ccf1df_6.0.14393.953_none_42151e83c686086b\COMCTL32.dll
0x00007ff88e4d0000 - 0x00007ff88e798000 	C:\WINDOWS\System32\combase.dll
0x00007ff88b650000 - 0x00007ff88b745000 	C:\WINDOWS\System32\ucrtbase.dll
0x00007ff88b090000 - 0x00007ff88b0fa000 	C:\WINDOWS\System32\bcryptPrimitives.dll
0x00007ff88e340000 - 0x00007ff88e36e000 	C:\WINDOWS\System32\IMM32.DLL
0x0000000050190000 - 0x0000000050262000 	C:\Program Files\Java\jdk1.8.0_65\jre\bin\msvcr100.dll
0x0000000076950000 - 0x00000000771d9000 	C:\Program Files\Java\jdk1.8.0_65\jre\bin\server\jvm.dll
0x00007ff88c1f0000 - 0x00007ff88c1f8000 	C:\WINDOWS\System32\PSAPI.DLL
0x00007ff87bb70000 - 0x00007ff87bb79000 	C:\WINDOWS\SYSTEM32\WSOCK32.dll
0x00007ff88e260000 - 0x00007ff88e2ca000 	C:\WINDOWS\System32\WS2_32.dll
0x00007ff8889c0000 - 0x00007ff8889e3000 	C:\WINDOWS\SYSTEM32\WINMM.dll
0x00007ff880ab0000 - 0x00007ff880aba000 	C:\WINDOWS\SYSTEM32\VERSION.dll
0x00007ff888800000 - 0x00007ff88882b000 	C:\WINDOWS\SYSTEM32\WINMMBASE.dll
0x00007ff88b100000 - 0x00007ff88b142000 	C:\WINDOWS\System32\cfgmgr32.dll
0x0000000050500000 - 0x000000005050f000 	C:\Program Files\Java\jdk1.8.0_65\jre\bin\verify.dll
0x0000000050370000 - 0x0000000050399000 	C:\Program Files\Java\jdk1.8.0_65\jre\bin\java.dll
0x0000000050150000 - 0x0000000050185000 	C:\Program Files\Java\jdk1.8.0_65\jre\bin\jdwp.dll
0x0000000050140000 - 0x0000000050148000 	C:\Program Files\Java\jdk1.8.0_65\jre\bin\npt.dll
0x00000000502e0000 - 0x00000000502f6000 	C:\Program Files\Java\jdk1.8.0_65\jre\bin\zip.dll
0x00007ff88cbd0000 - 0x00007ff88e0d8000 	C:\WINDOWS\System32\SHELL32.dll
0x00007ff88b990000 - 0x00007ff88c06a000 	C:\WINDOWS\System32\windows.storage.dll
0x00007ff88b040000 - 0x00007ff88b08c000 	C:\WINDOWS\System32\powrprof.dll
0x00007ff88e980000 - 0x00007ff88e9d2000 	C:\WINDOWS\System32\shlwapi.dll
0x00007ff88b030000 - 0x00007ff88b03f000 	C:\WINDOWS\System32\kernel.appcore.dll
0x00007ff88b370000 - 0x00007ff88b419000 	C:\WINDOWS\System32\shcore.dll
0x00007ff88b010000 - 0x00007ff88b024000 	C:\WINDOWS\System32\profapi.dll
0x0000000050130000 - 0x0000000050139000 	C:\Program Files\Java\jdk1.8.0_65\jre\bin\dt_socket.dll
0x00007ff875ed0000 - 0x00007ff875ee6000 	C:\WINDOWS\system32\napinsp.dll
0x00007ff875eb0000 - 0x00007ff875eca000 	C:\WINDOWS\system32\pnrpnsp.dll
0x00007ff887f40000 - 0x00007ff887f58000 	C:\WINDOWS\system32\NLAapi.dll
0x00007ff88a8d0000 - 0x00007ff88a92c000 	C:\WINDOWS\System32\mswsock.dll
0x00007ff88a690000 - 0x00007ff88a731000 	C:\WINDOWS\SYSTEM32\DNSAPI.dll
0x00007ff88c1e0000 - 0x00007ff88c1e8000 	C:\WINDOWS\System32\NSI.dll
0x00007ff88a650000 - 0x00007ff88a688000 	C:\WINDOWS\SYSTEM32\IPHLPAPI.DLL
0x00007ff877a10000 - 0x00007ff877a1e000 	C:\WINDOWS\System32\winrnr.dll
0x00007ff8765d0000 - 0x00007ff8765e5000 	C:\WINDOWS\System32\wshbth.dll
0x0000000050970000 - 0x0000000050996000 	C:\Program Files\Bonjour\mdnsNSP.dll
0x00007ff881f30000 - 0x00007ff881f9a000 	C:\WINDOWS\System32\fwpuclnt.dll
0x00007ff88af40000 - 0x00007ff88af6b000 	C:\WINDOWS\SYSTEM32\bcrypt.dll
0x00007ff87fe80000 - 0x00007ff87fe8a000 	C:\Windows\System32\rasadhlp.dll
0x00000000502c0000 - 0x00000000502da000 	C:\Program Files\Java\jdk1.8.0_65\jre\bin\net.dll
0x00000000504f0000 - 0x00000000504fd000 	C:\Program Files\Java\jdk1.8.0_65\jre\bin\management.dll
0x00000000502a0000 - 0x00000000502b1000 	C:\Program Files\Java\jdk1.8.0_65\jre\bin\nio.dll
0x0000000050270000 - 0x0000000050294000 	C:\Program Files\Java\jdk1.8.0_65\jre\bin\sunec.dll
0x00007ff88aa80000 - 0x00007ff88aa97000 	C:\WINDOWS\SYSTEM32\CRYPTSP.dll
0x00007ff88a4d0000 - 0x00007ff88a503000 	C:\WINDOWS\system32\rsaenh.dll
0x00007ff88a750000 - 0x00007ff88a76f000 	C:\WINDOWS\SYSTEM32\USERENV.dll
0x00007ff88aa70000 - 0x00007ff88aa7b000 	C:\WINDOWS\SYSTEM32\CRYPTBASE.dll
0x00007ff882260000 - 0x00007ff882276000 	C:\WINDOWS\SYSTEM32\dhcpcsvc6.DLL
0x00007ff884680000 - 0x00007ff88469a000 	C:\WINDOWS\SYSTEM32\dhcpcsvc.DLL
0x00007ff888f80000 - 0x00007ff889112000 	C:\WINDOWS\SYSTEM32\dbghelp.dll

VM Arguments:
jvm_args: -agentlib:jdwp=transport=dt_socket,suspend=y,address=localhost:53495 -ea -Dfile.encoding=Cp1252 
java_command: org.eclipse.jdt.internal.junit.runner.RemoteTestRunner -version 3 -port 53494 -testLoaderClass org.eclipse.jdt.internal.junit4.runner.JUnit4TestLoader -loaderpluginname org.eclipse.jdt.junit4.runtime -classNames com.restbotlambda.lambda.function.categories.CategoriesTest
java_class_path (initial): D:\c_prog\RestBotLambda\RestBotLambda\restbotlambda-categories\target\test-classes;D:\c_prog\RestBotLambda\RestBotLambda\restbotlambda-categories\target\classes;C:\Users\USER\.m2\repository\com\amazonaws\aws-java-sdk-lambda\1.11.128\aws-java-sdk-lambda-1.11.128.jar;C:\Users\USER\.m2\repository\com\amazonaws\aws-java-sdk-core\1.11.128\aws-java-sdk-core-1.11.128.jar;C:\Users\USER\.m2\repository\commons-logging\commons-logging\1.1.1\commons-logging-1.1.1.jar;C:\Users\USER\.m2\repository\org\apache\httpcomponents\httpclient\4.5.2\httpclient-4.5.2.jar;C:\Users\USER\.m2\repository\org\apache\httpcomponents\httpcore\4.4.4\httpcore-4.4.4.jar;C:\Users\USER\.m2\repository\commons-codec\commons-codec\1.9\commons-codec-1.9.jar;C:\Users\USER\.m2\repository\software\amazon\ion\ion-java\1.0.2\ion-java-1.0.2.jar;C:\Users\USER\.m2\repository\com\fasterxml\jackson\core\jackson-databind\2.6.6\jackson-databind-2.6.6.jar;C:\Users\USER\.m2\repository\com\fasterxml\jackson\core\jackson-annotations\2.6.0\jackson-annotations-2.6.0.jar;C:\Users\USER\.m2\repository\com\fasterxml\jackson\core\jackson-core\2.6.6\jackson-core-2.6.6.jar;C:\Users\USER\.m2\repository\com\fasterxml\jackson\dataformat\jackson-dataformat-cbor\2.6.6\jackson-dataformat-cbor-2.6.6.jar;C:\Users\USER\.m2\repository\joda-time\joda-time\2.8.1\joda-time-2.8.1.jar;C:\Users\USER\.m2\repository\com\amazonaws\jmespath-java\1.11.128\jmespath-java-1.11.128.jar;C:\Users\USER\.m2\repository\com\google\code\gson\gson\2.2.2\gson-2.2.2.jar;C:\Users\USER\.m2\repository\org\springframework\spring-core\2.5.6\spring-core-2.5.6.jar;C:\Users\USER\.m2\repository\com\amazonaws\aws-java-sdk\1.11.41\aws-java-sdk-1.11.41.jar;C:\Users\USER\.m2\repository\com\amazonaws\aws-java-sdk-support\1.11.41\aws-java-sdk-support-1.11.41.jar;C:\Users\USER\.m2\repository\com\amazonaws\aws-java-sdk-simpledb\1.11.41\aws-java-sdk-simpledb-1.11.41.jar;C:\Users\USER\.m2\repository\com\amazonaws\aws-java-sdk-servicecatalog\1.11.41\aws-java
Launcher Type: SUN_STANDARD

Environment Variables:
JAVA_HOME=C:\Program Files\Java\jdk1.8.0_65
JRE_HOME=C:\Program Files\Java\jre1.8.0_66
CLASSPATH=C:\Program Files\Java\jre1.8.0_66\lib\rt.jar;C:\Program Files\Java\jdk1.8.0_65\lib\tools.jar;E:\apache-maven-3.5.0\bin
PATH=C:\Program Files\Java\jdk1.8.0_65\jre\bin;C:/Program Files/Java/jdk1.8.0_65/bin/../jre/bin/server;C:/Program Files/Java/jdk1.8.0_65/bin/../jre/bin;C:/Program Files/Java/jdk1.8.0_65/bin/../jre/lib/amd64;C:\Program Files (x86)\Intel\iCLS Client\;C:\Program Files\Intel\iCLS Client\;C:\WINDOWS\system32;C:\WINDOWS;C:\WINDOWS\System32\Wbem;C:\WINDOWS\System32\WindowsPowerShell\v1.0\;C:\Program Files\Git\cmd;C:\Program Files (x86)\Skype\Phone\;C:\Program Files\nodejs\;C:\Program Files\Amazon\AWSCLI\;C:\Program Files (x86)\Intel\Intel(R) Management Engine Components\DAL;C:\Program Files\Intel\Intel(R) Management Engine Components\DAL;C:\Program Files (x86)\Intel\Intel(R) Management Engine Components\IPT;C:\Program Files\Intel\Intel(R) Management Engine Components\IPT;C:\Program Files\Java\jdk1.8.0_65\bin;E:\apache-maven-3.5.0\bin;C:\Users\USER\AppData\Roaming\npm;C:\Users\USER\AppData\Local\Microsoft\WindowsApps;C:\WINDOWS\System32;
USERNAME=USER
OS=Windows_NT
PROCESSOR_IDENTIFIER=Intel64 Family 6 Model 78 Stepping 3, GenuineIntel



---------------  S Y S T E M  ---------------

OS: Windows 10.0 , 64 bit Build 14393 (10.0.14393.1198)

CPU:total 4 (2 cores per cpu, 2 threads per core) family 6 model 78 stepping 3, cmov, cx8, fxsr, mmx, sse, sse2, sse3, ssse3, sse4.1, sse4.2, popcnt, avx, avx2, aes, clmul, erms, rtm, 3dnowpref, lzcnt, ht, tsc, tscinvbit, bmi1, bmi2, adx

Memory: 4k page, physical 8168644k(3020368k free), swap 11297132k(4349128k free)

vm_info: Java HotSpot(TM) 64-Bit Server VM (25.65-b01) for windows-amd64 JRE (1.8.0_65-b17), built on Oct  6 2015 16:39:20 by "java_re" with MS VC++ 10.0 (VS2010)

time: Tue Jun 06 19:55:28 2017
elapsed time: 836 seconds (0d 0h 13m 56s)

