#
# A fatal error has been detected by the Java Runtime Environment:
#
#  EXCEPTION_ACCESS_VIOLATION (0xc0000005) at pc=0x000000005a9e3f16, pid=6324, tid=8680
#
# JRE version: Java(TM) SE Runtime Environment (8.0_65-b17) (build 1.8.0_65-b17)
# Java VM: Java HotSpot(TM) 64-Bit Server VM (25.65-b01 mixed mode windows-amd64 compressed oops)
# Problematic frame:
# V  [jvm.dll+0x233f16]
#
# Failed to write core dump. Minidumps are not enabled by default on client versions of Windows
#
# If you would like to submit a bug report, please visit:
#   http://bugreport.java.com/bugreport/crash.jsp
#

---------------  T H R E A D  ---------------

Current thread (0x0000000017bd7800):  VMThread [stack: 0x0000000018c80000,0x0000000018d80000] [id=8680]

siginfo: ExceptionCode=0xc0000005, reading address 0x0000000000000008

Registers:
RAX=0x0000000000000000, RBX=0x0000000018d7f140, RCX=0x0000000018d7f140, RDX=0x0000000000000028
RSP=0x0000000018d7ee70, RBP=0x0000000018d7f680, RSI=0x0000000000000000, RDI=0x0000000018d7f810
R8 =0x0000000000000000, R9 =0x000000001c2f2b38, R10=0x0000000000000007, R11=0x000000005ada9f58
R12=0x000000001a719480, R13=0x0000000018d7f640, R14=0x00000000000003d8, R15=0x0000000018d7f630
RIP=0x000000005a9e3f16, EFLAGS=0x0000000000010206

Top of Stack: (sp=0x0000000018d7ee70)
0x0000000018d7ee70:   000000001a719070 0000000018d7f540
0x0000000018d7ee80:   0000000018d7f540 000000005a9f3dcb
0x0000000018d7ee90:   000000001a71a870 000000001a876850
0x0000000018d7eea0:   000000f50301f501 000000001a71a270
0x0000000018d7eeb0:   00000000030cf530 00000000031d08da
0x0000000018d7eec0:   00000000031d0790 0000000000000000
0x0000000018d7eed0:   00000000030cf620 00000000030cf540
0x0000000018d7eee0:   00000000d8cde078 00000000d8cde0e8
0x0000000018d7eef0:   00000000d8cde150 00000000d8cde1b8
0x0000000018d7ef00:   00000000d8cde228 00000000d8cde290
0x0000000018d7ef10:   00000000d8cde2f8 00000000d8cde360
0x0000000018d7ef20:   00000000d8cde3c8 00000000d8cde430
0x0000000018d7ef30:   00000000030cf460 00000000030cf460
0x0000000018d7ef40:   00000000d8cde570 00000000d8cde5d8
0x0000000018d7ef50:   00000000d8cde648 00000000d8cde6b8
0x0000000018d7ef60:   00000000d8cde728 00000000d8cde790 

Instructions: (pc=0x000000005a9e3f16)
0x000000005a9e3ef6:   01 00 00 48 8b 05 e0 c1 5a 00 48 33 c4 48 89 84
0x000000005a9e3f06:   24 30 01 00 00 4c 63 41 10 48 8b 41 08 48 8b d9
0x000000005a9e3f16:   42 38 54 00 08 74 33 44 0f be c2 48 8d 4c 24 20
0x000000005a9e3f26:   48 8d 15 9b 2d 3e 00 e8 de 14 df ff 48 8d 0d 27 


Register to memory mapping:

RAX=0x0000000000000000 is an unknown value
RBX=0x0000000018d7f140 is an unknown value
RCX=0x0000000018d7f140 is an unknown value
RDX=0x0000000000000028 is an unknown value
RSP=0x0000000018d7ee70 is an unknown value
RBP=0x0000000018d7f680 is an unknown value
RSI=0x0000000000000000 is an unknown value
RDI=0x0000000018d7f810 is an unknown value
R8 =0x0000000000000000 is an unknown value
R9 =0x000000001c2f2b38 is pointing into metadata
R10=0x0000000000000007 is an unknown value
R11=0x000000005ada9f58 is an unknown value
R12=0x000000001a719480 is an unknown value
R13=0x0000000018d7f640 is an unknown value
R14=0x00000000000003d8 is an unknown value
R15=0x0000000018d7f630 is an unknown value


Stack: [0x0000000018c80000,0x0000000018d80000],  sp=0x0000000018d7ee70,  free space=1019k
Native frames: (J=compiled Java code, j=interpreted, Vv=VM code, C=native code)
V  [jvm.dll+0x233f16]
V  [jvm.dll+0x23458c]
V  [jvm.dll+0xfcbe3]
V  [jvm.dll+0xffcb3]
V  [jvm.dll+0x10077f]
V  [jvm.dll+0x100fc5]
V  [jvm.dll+0x101212]
V  [jvm.dll+0xc30de]
V  [jvm.dll+0xc3768]
V  [jvm.dll+0xc3d49]
V  [jvm.dll+0x10c22a]
V  [jvm.dll+0x12ac4f]
V  [jvm.dll+0x1bc6df]
V  [jvm.dll+0x249757]
V  [jvm.dll+0x2489f6]
V  [jvm.dll+0x248e91]
V  [jvm.dll+0x2490ae]
V  [jvm.dll+0x299f7a]
C  [msvcr100.dll+0x21d9f]
C  [msvcr100.dll+0x21e3b]
C  [KERNEL32.DLL+0x8364]
C  [ntdll.dll+0x670d1]

VM_Operation (0x000000001936f1c0): GetOrSetLocal, mode: safepoint, requested by thread 0x0000000017c27800


---------------  P R O C E S S  ---------------

Java Threads: ( => current thread )
  0x000000001a409800 JavaThread "java-sdk-http-connection-reaper" daemon [_thread_blocked, id=4460, stack(0x000000001c090000,0x000000001c190000)]
  0x000000001a37b000 JavaThread "ReaderThread" [_thread_in_native, id=5176, stack(0x000000001a9c0000,0x000000001aac0000)]
  0x0000000019bd0800 JavaThread "Service Thread" daemon [_thread_blocked, id=4120, stack(0x0000000019fc0000,0x000000001a0c0000)]
  0x0000000017c44000 JavaThread "C1 CompilerThread2" daemon [_thread_blocked, id=5736, stack(0x0000000019ac0000,0x0000000019bc0000)]
  0x0000000017c42800 JavaThread "C2 CompilerThread1" daemon [_thread_blocked, id=6536, stack(0x00000000199c0000,0x0000000019ac0000)]
  0x0000000017c3e000 JavaThread "C2 CompilerThread0" daemon [_thread_blocked, id=7272, stack(0x00000000198c0000,0x00000000199c0000)]
  0x0000000017c32000 JavaThread "JDWP Command Reader" daemon [_thread_in_native, id=4028, stack(0x00000000197c0000,0x00000000198c0000)]
  0x0000000017c2b000 JavaThread "JDWP Event Helper Thread" daemon [_thread_blocked, id=7380, stack(0x00000000196c0000,0x00000000197c0000)]
  0x0000000017c27800 JavaThread "JDWP Transport Listener: dt_socket" daemon [_thread_blocked, id=8504, stack(0x0000000019270000,0x0000000019370000)]
  0x0000000017c13000 JavaThread "Attach Listener" daemon [_thread_blocked, id=9040, stack(0x0000000019170000,0x0000000019270000)]
  0x0000000017c12000 JavaThread "Signal Dispatcher" daemon [_thread_blocked, id=7412, stack(0x0000000019070000,0x0000000019170000)]
  0x00000000031cb800 JavaThread "Finalizer" daemon [_thread_blocked, id=8624, stack(0x0000000018e80000,0x0000000018f80000)]
  0x0000000017bd9000 JavaThread "Reference Handler" daemon [_thread_blocked, id=232, stack(0x0000000018d80000,0x0000000018e80000)]
  0x00000000030d6000 JavaThread "main" [_thread_blocked, id=8128, stack(0x0000000002fd0000,0x00000000030d0000)]

Other Threads:
=>0x0000000017bd7800 VMThread [stack: 0x0000000018c80000,0x0000000018d80000] [id=8680]
  0x0000000019c9f800 WatcherThread [stack: 0x000000001a0c0000,0x000000001a1c0000] [id=3960]

VM state:at safepoint (normal execution)

VM Mutex/Monitor currently owned by a thread:  ([mutex/lock_event])
[0x00000000030d35d0] Threads_lock - owner thread: 0x0000000017bd7800

Heap:
 PSYoungGen      total 37888K, used 10769K [0x00000000d6700000, 0x00000000d9100000, 0x0000000100000000)
  eden space 32768K, 17% used [0x00000000d6700000,0x00000000d6c8aa78,0x00000000d8700000)
  from space 5120K, 99% used [0x00000000d8c00000,0x00000000d90f9ad8,0x00000000d9100000)
  to   space 5120K, 0% used [0x00000000d8700000,0x00000000d8700000,0x00000000d8c00000)
 ParOldGen       total 86016K, used 4834K [0x0000000083400000, 0x0000000088800000, 0x00000000d6700000)
  object space 86016K, 5% used [0x0000000083400000,0x00000000838b8a18,0x0000000088800000)
 Metaspace       used 17788K, capacity 17990K, committed 18176K, reserved 1064960K
  class space    used 2189K, capacity 2253K, committed 2304K, reserved 1048576K

Card table byte_map: [0x0000000012590000,0x0000000012980000] byte_map_base: 0x0000000012176000

Marking Bits: (ParMarkBitMap*) 0x000000005afba5b0
 Begin Bits: [0x0000000013020000, 0x0000000014f50000)
 End Bits:   [0x0000000014f50000, 0x0000000016e80000)

Polling page: 0x0000000001700000

CodeCache: size=245760Kb used=2120Kb max_used=2120Kb free=243639Kb
 bounds [0x00000000031d0000, 0x0000000003440000, 0x00000000121d0000]
 total_blobs=802 nmethods=376 adapters=347
 compilation: enabled

Compilation events (10 events):
Event: 23.258 Thread 0x0000000017c44000  324       3       java.lang.ref.Finalizer::hasBeenFinalized (14 bytes)
Event: 23.258 Thread 0x0000000017c44000 nmethod 324 0x00000000033d31d0 code [0x00000000033d3320, 0x00000000033d34d0]
Event: 23.258 Thread 0x0000000017c44000  325   !   3       java.lang.ref.Finalizer::remove (94 bytes)
Event: 23.258 Thread 0x0000000017c44000 nmethod 325 0x00000000033d3550 code [0x00000000033d36e0, 0x00000000033d3bd0]
Event: 23.258 Thread 0x0000000017c44000  326       3       java.lang.System$2::invokeFinalize (5 bytes)
Event: 23.259 Thread 0x0000000017c44000 nmethod 326 0x00000000033d3d50 code [0x00000000033d3ec0, 0x00000000033d40e8]
Event: 23.259 Thread 0x0000000017c44000  330       3       java.util.zip.ZipFile$ZipFileInputStream::finalize (5 bytes)
Event: 23.259 Thread 0x0000000017c44000 nmethod 330 0x00000000033d4190 code [0x00000000033d4300, 0x00000000033d4488]
Event: 23.259 Thread 0x0000000017c44000  329       3       java.util.zip.ZipFile$ZipFileInflaterInputStream::finalize (5 bytes)
Event: 23.259 Thread 0x0000000017c44000 nmethod 329 0x00000000033d4510 code [0x00000000033d4680, 0x00000000033d4808]

GC Heap History (4 events):
Event: 23.247 GC heap before
{Heap before GC invocations=1 (full 0):
 PSYoungGen      total 37888K, used 32768K [0x00000000d6700000, 0x00000000d9100000, 0x0000000100000000)
  eden space 32768K, 100% used [0x00000000d6700000,0x00000000d8700000,0x00000000d8700000)
  from space 5120K, 0% used [0x00000000d8c00000,0x00000000d8c00000,0x00000000d9100000)
  to   space 5120K, 0% used [0x00000000d8700000,0x00000000d8700000,0x00000000d8c00000)
 ParOldGen       total 86016K, used 0K [0x0000000083400000, 0x0000000088800000, 0x00000000d6700000)
  object space 86016K, 0% used [0x0000000083400000,0x0000000083400000,0x0000000088800000)
 Metaspace       used 10537K, capacity 10614K, committed 10752K, reserved 1058816K
  class space    used 1225K, capacity 1235K, committed 1280K, reserved 1048576K
Event: 23.253 GC heap after
Heap after GC invocations=1 (full 0):
 PSYoungGen      total 37888K, used 5118K [0x00000000d6700000, 0x00000000d9100000, 0x0000000100000000)
  eden space 32768K, 0% used [0x00000000d6700000,0x00000000d6700000,0x00000000d8700000)
  from space 5120K, 99% used [0x00000000d8700000,0x00000000d8bffa18,0x00000000d8c00000)
  to   space 5120K, 0% used [0x00000000d8c00000,0x00000000d8c00000,0x00000000d9100000)
 ParOldGen       total 86016K, used 1023K [0x0000000083400000, 0x0000000088800000, 0x00000000d6700000)
  object space 86016K, 1% used [0x0000000083400000,0x00000000834ffe68,0x0000000088800000)
 Metaspace       used 10537K, capacity 10614K, committed 10752K, reserved 1058816K
  class space    used 1225K, capacity 1235K, committed 1280K, reserved 1048576K
}
Event: 34.211 GC heap before
{Heap before GC invocations=2 (full 0):
 PSYoungGen      total 37888K, used 37886K [0x00000000d6700000, 0x00000000d9100000, 0x0000000100000000)
  eden space 32768K, 100% used [0x00000000d6700000,0x00000000d8700000,0x00000000d8700000)
  from space 5120K, 99% used [0x00000000d8700000,0x00000000d8bffa18,0x00000000d8c00000)
  to   space 5120K, 0% used [0x00000000d8c00000,0x00000000d8c00000,0x00000000d9100000)
 ParOldGen       total 86016K, used 1023K [0x0000000083400000, 0x0000000088800000, 0x00000000d6700000)
  object space 86016K, 1% used [0x0000000083400000,0x00000000834ffe68,0x0000000088800000)
 Metaspace       used 16552K, capacity 16794K, committed 17024K, reserved 1064960K
  class space    used 2058K, capacity 2155K, committed 2176K, reserved 1048576K
Event: 34.219 GC heap after
Heap after GC invocations=2 (full 0):
 PSYoungGen      total 37888K, used 5094K [0x00000000d6700000, 0x00000000d9100000, 0x0000000100000000)
  eden space 32768K, 0% used [0x00000000d6700000,0x00000000d6700000,0x00000000d8700000)
  from space 5120K, 99% used [0x00000000d8c00000,0x00000000d90f9ad8,0x00000000d9100000)
  to   space 5120K, 0% used [0x00000000d8700000,0x00000000d8700000,0x00000000d8c00000)
 ParOldGen       total 86016K, used 4834K [0x0000000083400000, 0x0000000088800000, 0x00000000d6700000)
  object space 86016K, 5% used [0x0000000083400000,0x00000000838b8a18,0x0000000088800000)
 Metaspace       used 16552K, capacity 16794K, committed 17024K, reserved 1064960K
  class space    used 2058K, capacity 2155K, committed 2176K, reserved 1048576K
}

Deoptimization events (4 events):
Event: 0.684 Thread 0x00000000030d6000 Uncommon trap: reason=unstable_if action=reinterpret pc=0x00000000032e2a5c method=java.lang.String.hashCode()I @ 14
Event: 0.947 Thread 0x00000000030d6000 Uncommon trap: reason=unstable_if action=reinterpret pc=0x0000000003346d80 method=sun.misc.URLClassPath.getLoader(I)Lsun/misc/URLClassPath$Loader; @ 36
Event: 0.948 Thread 0x00000000030d6000 Uncommon trap: reason=unstable_if action=reinterpret pc=0x0000000003345e6c method=sun.misc.URLClassPath.getLoader(I)Lsun/misc/URLClassPath$Loader; @ 36
Event: 0.948 Thread 0x00000000030d6000 Uncommon trap: reason=unstable_if action=reinterpret pc=0x00000000033625c0 method=sun.misc.MetaIndex.mayContain(Ljava/lang/String;)Z @ 13

Internal exceptions (10 events):
Event: 23.166 Thread 0x00000000030d6000 Exception <a 'java/lang/ArrayIndexOutOfBoundsException': 145> (0x00000000d85d8200) thrown at [C:\workspace\8-2-build-windows-amd64-cygwin\jdk8u65\4987\hotspot\src\share\vm\interpreter\interpreterRuntime.cpp, line 366]
Event: 23.167 Thread 0x00000000030d6000 Exception <a 'java/lang/ArrayIndexOutOfBoundsException': 145> (0x00000000d85da0b8) thrown at [C:\workspace\8-2-build-windows-amd64-cygwin\jdk8u65\4987\hotspot\src\share\vm\interpreter\interpreterRuntime.cpp, line 366]
Event: 23.168 Thread 0x00000000030d6000 Exception <a 'java/lang/ArrayIndexOutOfBoundsException': 153> (0x00000000d85dbfa0) thrown at [C:\workspace\8-2-build-windows-amd64-cygwin\jdk8u65\4987\hotspot\src\share\vm\interpreter\interpreterRuntime.cpp, line 366]
Event: 23.186 Thread 0x00000000030d6000 Exception <a 'java/lang/ArrayIndexOutOfBoundsException': 24> (0x00000000d8633ea8) thrown at [C:\workspace\8-2-build-windows-amd64-cygwin\jdk8u65\4987\hotspot\src\share\vm\interpreter\interpreterRuntime.cpp, line 366]
Event: 23.190 Thread 0x00000000030d6000 Exception <a 'java/lang/ArrayIndexOutOfBoundsException': 6> (0x00000000d8640ab0) thrown at [C:\workspace\8-2-build-windows-amd64-cygwin\jdk8u65\4987\hotspot\src\share\vm\interpreter\interpreterRuntime.cpp, line 366]
Event: 23.190 Thread 0x00000000030d6000 Exception <a 'java/lang/ArrayIndexOutOfBoundsException': 40> (0x00000000d8641b08) thrown at [C:\workspace\8-2-build-windows-amd64-cygwin\jdk8u65\4987\hotspot\src\share\vm\interpreter\interpreterRuntime.cpp, line 366]
Event: 23.198 Thread 0x00000000030d6000 Exception <a 'java/lang/ArrayIndexOutOfBoundsException': 24> (0x00000000d86549e8) thrown at [C:\workspace\8-2-build-windows-amd64-cygwin\jdk8u65\4987\hotspot\src\share\vm\interpreter\interpreterRuntime.cpp, line 366]
Event: 23.199 Thread 0x00000000030d6000 Exception <a 'java/lang/ArrayIndexOutOfBoundsException': 6> (0x00000000d8656a28) thrown at [C:\workspace\8-2-build-windows-amd64-cygwin\jdk8u65\4987\hotspot\src\share\vm\interpreter\interpreterRuntime.cpp, line 366]
Event: 23.799 Thread 0x00000000030d6000 Exception <a 'java/lang/NoSuchFieldError': method resolution failed> (0x00000000d6b6c6b0) thrown at [C:\workspace\8-2-build-windows-amd64-cygwin\jdk8u65\4987\hotspot\src\share\vm\prims\methodHandles.cpp, line 1146]
Event: 23.807 Thread 0x00000000030d6000 Exception <a 'java/lang/NoSuchFieldError': method resolution failed> (0x00000000d6b7a170) thrown at [C:\workspace\8-2-build-windows-amd64-cygwin\jdk8u65\4987\hotspot\src\share\vm\prims\methodHandles.cpp, line 1146]

Events (10 events):
Event: 105.138 Executing VM operation: ChangeBreakpoints done
Event: 105.141 Executing VM operation: EnterInterpOnlyMode
Event: 105.141 Executing VM operation: EnterInterpOnlyMode done
Event: 105.141 Executing VM operation: GetCurrentLocation
Event: 105.141 Executing VM operation: GetCurrentLocation done
Event: 105.141 Executing VM operation: ChangeSingleStep
Event: 105.141 Executing VM operation: ChangeSingleStep done
Event: 105.142 Executing VM operation: ChangeSingleStep
Event: 105.142 Executing VM operation: ChangeSingleStep done
Event: 105.172 Executing VM operation: GetOrSetLocal


Dynamic libraries:
0x00007ff7928f0000 - 0x00007ff792927000 	C:\Program Files\Java\jdk1.8.0_65\bin\javaw.exe
0x00007ffd5bec0000 - 0x00007ffd5c091000 	C:\WINDOWS\SYSTEM32\ntdll.dll
0x00007ffd5bad0000 - 0x00007ffd5bb7c000 	C:\WINDOWS\System32\KERNEL32.DLL
0x00007ffd58450000 - 0x00007ffd5866d000 	C:\WINDOWS\System32\KERNELBASE.dll
0x00007ffd5ad00000 - 0x00007ffd5ada2000 	C:\WINDOWS\System32\ADVAPI32.dll
0x00007ffd5bdc0000 - 0x00007ffd5be5e000 	C:\WINDOWS\System32\msvcrt.dll
0x00007ffd5bbe0000 - 0x00007ffd5bc39000 	C:\WINDOWS\System32\sechost.dll
0x00007ffd5afd0000 - 0x00007ffd5b0f1000 	C:\WINDOWS\System32\RPCRT4.dll
0x00007ffd5bc50000 - 0x00007ffd5bdb5000 	C:\WINDOWS\System32\USER32.dll
0x00007ffd593c0000 - 0x00007ffd593de000 	C:\WINDOWS\System32\win32u.dll
0x00007ffd59450000 - 0x00007ffd59484000 	C:\WINDOWS\System32\GDI32.dll
0x00007ffd58720000 - 0x00007ffd588a2000 	C:\WINDOWS\System32\gdi32full.dll
0x00007ffd4d7f0000 - 0x00007ffd4da6a000 	C:\WINDOWS\WinSxS\amd64_microsoft.windows.common-controls_6595b64144ccf1df_6.0.14393.953_none_42151e83c686086b\COMCTL32.dll
0x00007ffd5a9c0000 - 0x00007ffd5ac88000 	C:\WINDOWS\System32\combase.dll
0x00007ffd59090000 - 0x00007ffd59185000 	C:\WINDOWS\System32\ucrtbase.dll
0x00007ffd593e0000 - 0x00007ffd5944a000 	C:\WINDOWS\System32\bcryptPrimitives.dll
0x00007ffd5baa0000 - 0x00007ffd5bace000 	C:\WINDOWS\System32\IMM32.DLL
0x000000005a6d0000 - 0x000000005a7a2000 	C:\Program Files\Java\jdk1.8.0_65\jre\bin\msvcr100.dll
0x000000005a7b0000 - 0x000000005b039000 	C:\Program Files\Java\jdk1.8.0_65\jre\bin\server\jvm.dll
0x00007ffd5bc40000 - 0x00007ffd5bc48000 	C:\WINDOWS\System32\PSAPI.DLL
0x00007ffd4d6b0000 - 0x00007ffd4d6b9000 	C:\WINDOWS\SYSTEM32\WSOCK32.dll
0x00007ffd566d0000 - 0x00007ffd566f3000 	C:\WINDOWS\SYSTEM32\WINMM.dll
0x00007ffd5b1c0000 - 0x00007ffd5b22a000 	C:\WINDOWS\System32\WS2_32.dll
0x00007ffd4da80000 - 0x00007ffd4da8a000 	C:\WINDOWS\SYSTEM32\VERSION.dll
0x00007ffd56670000 - 0x00007ffd5669b000 	C:\WINDOWS\SYSTEM32\WINMMBASE.dll
0x00007ffd58f90000 - 0x00007ffd58fd2000 	C:\WINDOWS\System32\cfgmgr32.dll
0x000000005bd10000 - 0x000000005bd1f000 	C:\Program Files\Java\jdk1.8.0_65\jre\bin\verify.dll
0x000000005bce0000 - 0x000000005bd09000 	C:\Program Files\Java\jdk1.8.0_65\jre\bin\java.dll
0x000000005b0f0000 - 0x000000005b125000 	C:\Program Files\Java\jdk1.8.0_65\jre\bin\jdwp.dll
0x000000005b0e0000 - 0x000000005b0e8000 	C:\Program Files\Java\jdk1.8.0_65\jre\bin\npt.dll
0x000000005bcc0000 - 0x000000005bcd6000 	C:\Program Files\Java\jdk1.8.0_65\jre\bin\zip.dll
0x00007ffd59490000 - 0x00007ffd5a998000 	C:\WINDOWS\System32\SHELL32.dll
0x00007ffd588b0000 - 0x00007ffd58f8a000 	C:\WINDOWS\System32\windows.storage.dll
0x00007ffd58340000 - 0x00007ffd5838c000 	C:\WINDOWS\System32\powrprof.dll
0x00007ffd5bb80000 - 0x00007ffd5bbd2000 	C:\WINDOWS\System32\shlwapi.dll
0x00007ffd583a0000 - 0x00007ffd583af000 	C:\WINDOWS\System32\kernel.appcore.dll
0x00007ffd58fe0000 - 0x00007ffd59089000 	C:\WINDOWS\System32\shcore.dll
0x00007ffd58320000 - 0x00007ffd58334000 	C:\WINDOWS\System32\profapi.dll
0x000000005b0d0000 - 0x000000005b0d9000 	C:\Program Files\Java\jdk1.8.0_65\jre\bin\dt_socket.dll
0x00007ffd3d180000 - 0x00007ffd3d196000 	C:\WINDOWS\system32\napinsp.dll
0x00007ffd3d1a0000 - 0x00007ffd3d1ba000 	C:\WINDOWS\system32\pnrpnsp.dll
0x00007ffd555b0000 - 0x00007ffd555c8000 	C:\WINDOWS\system32\NLAapi.dll
0x00007ffd57c50000 - 0x00007ffd57cac000 	C:\WINDOWS\System32\mswsock.dll
0x00007ffd57a10000 - 0x00007ffd57ab1000 	C:\WINDOWS\SYSTEM32\DNSAPI.dll
0x00007ffd5adc0000 - 0x00007ffd5adc8000 	C:\WINDOWS\System32\NSI.dll
0x00007ffd579d0000 - 0x00007ffd57a08000 	C:\WINDOWS\SYSTEM32\IPHLPAPI.DLL
0x00007ffd3d1c0000 - 0x00007ffd3d1ce000 	C:\WINDOWS\System32\winrnr.dll
0x00007ffd3d1d0000 - 0x00007ffd3d1e5000 	C:\WINDOWS\System32\wshbth.dll
0x000000005c900000 - 0x000000005c926000 	C:\Program Files\Bonjour\mdnsNSP.dll
0x00007ffd50100000 - 0x00007ffd5016a000 	C:\WINDOWS\System32\fwpuclnt.dll
0x00007ffd58260000 - 0x00007ffd5828b000 	C:\WINDOWS\SYSTEM32\bcrypt.dll
0x00007ffd4e1d0000 - 0x00007ffd4e1da000 	C:\Windows\System32\rasadhlp.dll
0x000000005bca0000 - 0x000000005bcba000 	C:\Program Files\Java\jdk1.8.0_65\jre\bin\net.dll
0x000000005b130000 - 0x000000005b13d000 	C:\Program Files\Java\jdk1.8.0_65\jre\bin\management.dll
0x000000005bc80000 - 0x000000005bc91000 	C:\Program Files\Java\jdk1.8.0_65\jre\bin\nio.dll
0x000000005b140000 - 0x000000005b164000 	C:\Program Files\Java\jdk1.8.0_65\jre\bin\sunec.dll
0x00007ffd57df0000 - 0x00007ffd57e07000 	C:\WINDOWS\SYSTEM32\CRYPTSP.dll
0x00007ffd57850000 - 0x00007ffd57883000 	C:\WINDOWS\system32\rsaenh.dll
0x00007ffd57ad0000 - 0x00007ffd57aef000 	C:\WINDOWS\SYSTEM32\USERENV.dll
0x00007ffd57e10000 - 0x00007ffd57e1b000 	C:\WINDOWS\SYSTEM32\CRYPTBASE.dll
0x00007ffd50410000 - 0x00007ffd50426000 	C:\WINDOWS\SYSTEM32\dhcpcsvc6.DLL
0x00007ffd504c0000 - 0x00007ffd504da000 	C:\WINDOWS\SYSTEM32\dhcpcsvc.DLL
0x00007ffd557b0000 - 0x00007ffd55942000 	C:\WINDOWS\SYSTEM32\dbghelp.dll

VM Arguments:
jvm_args: -agentlib:jdwp=transport=dt_socket,suspend=y,address=localhost:50630 -ea -Dfile.encoding=Cp1252 
java_command: org.eclipse.jdt.internal.junit.runner.RemoteTestRunner -version 3 -port 50629 -testLoaderClass org.eclipse.jdt.internal.junit4.runner.JUnit4TestLoader -loaderpluginname org.eclipse.jdt.junit4.runtime -classNames com.restbotlambda.lambda.function.categories.CategoriesTest
java_class_path (initial): D:\c_prog\RestBotLambda\RestBotLambda\restbotlambda-categories\target\test-classes;D:\c_prog\RestBotLambda\RestBotLambda\restbotlambda-categories\target\classes;C:\Users\USER\.m2\repository\com\amazonaws\aws-java-sdk-lambda\1.11.128\aws-java-sdk-lambda-1.11.128.jar;C:\Users\USER\.m2\repository\com\amazonaws\aws-java-sdk-core\1.11.128\aws-java-sdk-core-1.11.128.jar;C:\Users\USER\.m2\repository\commons-logging\commons-logging\1.1.1\commons-logging-1.1.1.jar;C:\Users\USER\.m2\repository\org\apache\httpcomponents\httpclient\4.5.2\httpclient-4.5.2.jar;C:\Users\USER\.m2\repository\org\apache\httpcomponents\httpcore\4.4.4\httpcore-4.4.4.jar;C:\Users\USER\.m2\repository\commons-codec\commons-codec\1.9\commons-codec-1.9.jar;C:\Users\USER\.m2\repository\software\amazon\ion\ion-java\1.0.2\ion-java-1.0.2.jar;C:\Users\USER\.m2\repository\com\fasterxml\jackson\core\jackson-databind\2.6.6\jackson-databind-2.6.6.jar;C:\Users\USER\.m2\repository\com\fasterxml\jackson\core\jackson-annotations\2.6.0\jackson-annotations-2.6.0.jar;C:\Users\USER\.m2\repository\com\fasterxml\jackson\core\jackson-core\2.6.6\jackson-core-2.6.6.jar;C:\Users\USER\.m2\repository\com\fasterxml\jackson\dataformat\jackson-dataformat-cbor\2.6.6\jackson-dataformat-cbor-2.6.6.jar;C:\Users\USER\.m2\repository\joda-time\joda-time\2.8.1\joda-time-2.8.1.jar;C:\Users\USER\.m2\repository\com\amazonaws\jmespath-java\1.11.128\jmespath-java-1.11.128.jar;C:\Users\USER\.m2\repository\com\google\code\gson\gson\2.2.2\gson-2.2.2.jar;C:\Users\USER\.m2\repository\org\springframework\spring-core\2.5.6\spring-core-2.5.6.jar;C:\Users\USER\.m2\repository\log4j\log4j\1.2.17\log4j-1.2.17.jar;C:\Users\USER\.m2\repository\com\amazonaws\aws-java-sdk\1.11.41\aws-java-sdk-1.11.41.jar;C:\Users\USER\.m2\repository\com\amazonaws\aws-java-sdk-support\1.11.41\aws-java-sdk-support-1.11.41.jar;C:\Users\USER\.m2\repository\com\amazonaws\aws-java-sdk-simpledb\1.11.41\aws-java-sdk-simpledb-1.11.41.jar;C:\Users\USER\.m2\repo
Launcher Type: SUN_STANDARD

Environment Variables:
JAVA_HOME=C:\Program Files\Java\jdk1.8.0_65
JRE_HOME=C:\Program Files\Java\jre1.8.0_66
CLASSPATH=C:\Program Files\Java\jre1.8.0_66\lib\rt.jar;C:\Program Files\Java\jdk1.8.0_65\lib\tools.jar;E:\apache-maven-3.5.0\bin
PATH=C:\Program Files\Java\jdk1.8.0_65\jre\bin;C:/Program Files/Java/jdk1.8.0_65/bin/../jre/bin/server;C:/Program Files/Java/jdk1.8.0_65/bin/../jre/bin;C:/Program Files/Java/jdk1.8.0_65/bin/../jre/lib/amd64;C:\Program Files (x86)\Intel\iCLS Client\;C:\Program Files\Intel\iCLS Client\;C:\WINDOWS\system32;C:\WINDOWS;C:\WINDOWS\System32\Wbem;C:\WINDOWS\System32\WindowsPowerShell\v1.0\;C:\Program Files\Git\cmd;C:\Program Files (x86)\Skype\Phone\;C:\Program Files\nodejs\;C:\Program Files\Amazon\AWSCLI\;C:\Program Files (x86)\Intel\Intel(R) Management Engine Components\DAL;C:\Program Files\Intel\Intel(R) Management Engine Components\DAL;C:\Program Files (x86)\Intel\Intel(R) Management Engine Components\IPT;C:\Program Files\Intel\Intel(R) Management Engine Components\IPT;C:\Program Files\Java\jdk1.8.0_65\bin;E:\apache-maven-3.5.0\bin;C:\Users\USER\AppData\Roaming\npm;C:\Users\USER\AppData\Local\Microsoft\WindowsApps;C:\WINDOWS\system32;
USERNAME=USER
OS=Windows_NT
PROCESSOR_IDENTIFIER=Intel64 Family 6 Model 78 Stepping 3, GenuineIntel



---------------  S Y S T E M  ---------------

OS: Windows 10.0 , 64 bit Build 14393 (10.0.14393.1198)

CPU:total 4 (2 cores per cpu, 2 threads per core) family 6 model 78 stepping 3, cmov, cx8, fxsr, mmx, sse, sse2, sse3, ssse3, sse4.1, sse4.2, popcnt, avx, avx2, aes, clmul, erms, rtm, 3dnowpref, lzcnt, ht, tsc, tscinvbit, bmi1, bmi2, adx

Memory: 4k page, physical 8168644k(3766104k free), swap 9479364k(4629176k free)

vm_info: Java HotSpot(TM) 64-Bit Server VM (25.65-b01) for windows-amd64 JRE (1.8.0_65-b17), built on Oct  6 2015 16:39:20 by "java_re" with MS VC++ 10.0 (VS2010)

time: Thu Jun 08 14:23:13 2017
elapsed time: 105 seconds (0d 0h 1m 45s)

